<?xml version="1.0" encoding="UTF-8"?>
<testsuite xmlns:xsi="http://www.w3.org/2001/XMLSchema-instance" xsi:noNamespaceSchemaLocation="https://maven.apache.org/surefire/maven-surefire-plugin/xsd/surefire-test-report.xsd" name="com.pydawan.AppTest" time="0.045" tests="1" errors="0" skipped="0" failures="0">
  <properties>
    <property name="java.specification.version" value="17"/>
    <property name="sun.cpu.isalist" value="amd64"/>
    <property name="sun.jnu.encoding" value="Cp1252"/>
    <property name="java.class.path" value="E:\Data\David\pydabot\pydabot\pydabot\target\test-classes;E:\Data\David\pydabot\pydabot\pydabot\target\classes;C:\Users\dbirt\.m2\repository\org\slf4j\slf4j-simple\2.0.0-alpha7\slf4j-simple-2.0.0-alpha7.jar;C:\Users\dbirt\.m2\repository\org\slf4j\slf4j-api\2.0.0-alpha7\slf4j-api-2.0.0-alpha7.jar;C:\Users\dbirt\.m2\repository\net\sourceforge\argparse4j\argparse4j\0.9.0\argparse4j-0.9.0.jar;C:\Users\dbirt\.m2\repository\org\json\json\20210307\json-20210307.jar;C:\Users\dbirt\.m2\repository\org\pircbotx\pircbotx\2.1\pircbotx-2.1.jar;C:\Users\dbirt\.m2\repository\org\apache\commons\commons-lang3\3.4\commons-lang3-3.4.jar;C:\Users\dbirt\.m2\repository\commons-codec\commons-codec\1.10\commons-codec-1.10.jar;C:\Users\dbirt\.m2\repository\com\google\guava\guava\19.0\guava-19.0.jar;C:\Users\dbirt\.m2\repository\junit\junit\4.11\junit-4.11.jar;C:\Users\dbirt\.m2\repository\org\hamcrest\hamcrest-core\1.3\hamcrest-core-1.3.jar;"/>
    <property name="java.vm.vendor" value="Oracle Corporation"/>
    <property name="sun.arch.data.model" value="64"/>
    <property name="user.variant" value=""/>
    <property name="java.vendor.url" value="https://java.oracle.com/"/>
    <property name="user.timezone" value="Europe/Brussels"/>
    <property name="user.country.format" value="BE"/>
    <property name="os.name" value="Windows 10"/>
    <property name="java.vm.specification.version" value="17"/>
    <property name="sun.java.launcher" value="SUN_STANDARD"/>
    <property name="user.country" value="GB"/>
    <property name="sun.boot.library.path" value="C:\Java\jdk-17.0.1\bin"/>
    <property name="sun.java.command" value="C:\Users\dbirt\AppData\Local\Temp\surefire16033082180525927761\surefirebooter15988864347455690204.jar C:\Users\dbirt\AppData\Local\Temp\surefire16033082180525927761 2022-05-13T23-12-34_993-jvmRun1 surefire2151090687618178861tmp surefire_011058878502374513541tmp"/>
    <property name="jdk.debug" value="release"/>
    <property name="surefire.test.class.path" value="E:\Data\David\pydabot\pydabot\pydabot\target\test-classes;E:\Data\David\pydabot\pydabot\pydabot\target\classes;C:\Users\dbirt\.m2\repository\org\slf4j\slf4j-simple\2.0.0-alpha7\slf4j-simple-2.0.0-alpha7.jar;C:\Users\dbirt\.m2\repository\org\slf4j\slf4j-api\2.0.0-alpha7\slf4j-api-2.0.0-alpha7.jar;C:\Users\dbirt\.m2\repository\net\sourceforge\argparse4j\argparse4j\0.9.0\argparse4j-0.9.0.jar;C:\Users\dbirt\.m2\repository\org\json\json\20210307\json-20210307.jar;C:\Users\dbirt\.m2\repository\org\pircbotx\pircbotx\2.1\pircbotx-2.1.jar;C:\Users\dbirt\.m2\repository\org\apache\commons\commons-lang3\3.4\commons-lang3-3.4.jar;C:\Users\dbirt\.m2\repository\commons-codec\commons-codec\1.10\commons-codec-1.10.jar;C:\Users\dbirt\.m2\repository\com\google\guava\guava\19.0\guava-19.0.jar;C:\Users\dbirt\.m2\repository\junit\junit\4.11\junit-4.11.jar;C:\Users\dbirt\.m2\repository\org\hamcrest\hamcrest-core\1.3\hamcrest-core-1.3.jar;"/>
    <property name="sun.cpu.endian" value="little"/>
    <property name="user.home" value="C:\Users\dbirt"/>
    <property name="user.language" value="en"/>
    <property name="java.specification.vendor" value="Oracle Corporation"/>
    <property name="java.version.date" value="2021-10-19"/>
    <property name="java.home" value="C:\Java\jdk-17.0.1"/>
    <property name="file.separator" value="\"/>
    <property name="basedir" value="E:\Data\David\pydabot\pydabot\pydabot"/>
    <property name="java.vm.compressedOopsMode" value="Zero based"/>
    <property name="line.separator" value="&#10;"/>
    <property name="java.vm.specification.vendor" value="Oracle Corporation"/>
    <property name="java.specification.name" value="Java Platform API Specification"/>
    <property name="surefire.real.class.path" value="C:\Users\dbirt\AppData\Local\Temp\surefire16033082180525927761\surefirebooter15988864347455690204.jar"/>
    <property name="user.script" value=""/>
    <property name="sun.management.compiler" value="HotSpot 64-Bit Tiered Compilers"/>
    <property name="java.runtime.version" value="17.0.1+12-39"/>
    <property name="user.name" value="dbirt"/>
    <property name="path.separator" value=";"/>
    <property name="os.version" value="10.0"/>
    <property name="java.runtime.name" value="OpenJDK Runtime Environment"/>
    <property name="file.encoding" value="Cp1252"/>
    <property name="java.vm.name" value="OpenJDK 64-Bit Server VM"/>
    <property name="localRepository" value="C:\Users\dbirt\.m2\repository"/>
    <property name="java.vendor.url.bug" value="https://bugreport.java.com/bugreport/"/>
    <property name="java.io.tmpdir" value="C:\Users\dbirt\AppData\Local\Temp\"/>
    <property name="java.version" value="17.0.1"/>
    <property name="user.dir" value="E:\Data\David\pydabot\pydabot\pydabot"/>
    <property name="os.arch" value="amd64"/>
    <property name="java.vm.specification.name" value="Java Virtual Machine Specification"/>
    <property name="sun.os.patch.level" value=""/>
    <property name="native.encoding" value="Cp1252"/>
    <property name="java.library.path" value="C:\Java\jdk-17.0.1\bin;C:\WINDOWS\Sun\Java\bin;C:\WINDOWS\system32;C:\WINDOWS;C:\Python\Python-3.9;C:\Python\Python-3.9\Scripts;C:\Java\jdk-17.0.1\bin;C:\Users\dbirt\AppData\Roaming\ActiveState\bin;C:\Program Files (x86)\Razer Chroma SDK\bin;C:\Program Files\Razer Chroma SDK\bin;C:\Program Files (x86)\Razer\ChromaBroadcast\bin;C:\Program Files\Razer\ChromaBroadcast\bin;C:\Windows\system32;C:\Windows;C:\Windows\System32\Wbem;C:\Windows\System32\WindowsPowerShell\v1.0\;C:\Windows\System32\OpenSSH\;C:\Program Files (x86)\NVIDIA Corporation\PhysX\Common;C:\Program Files (x86)\Vim\vim82;C:\Program Files (x86)\Notepad++;C:\mingw-w64\x86_64-8.1.0-posix-seh-rt_v6-rev0\mingw64\bin;C:\Users\dbirt\AppData\Local\Microsoft\WindowsApps;C:\Users\dbirt\AppData\Local\GitHubDesktop\bin;C:\Windows\system32\config\systemprofile\AppData\Local\Microsoft\WindowsApps;C:\SFML\SFML-2.5.1\bin;C:\Program Files (x86)\Microsoft Visual Studio\2019\Community\VC\Tools\MSVC\14.27.29110\bin\Hostx64\x64;C:\Flutter\bin;C:\Program Files\Git\cmd;C:\Program Files\nodejs\;C:\Program Files\MiKTeX\miktex\bin\x64\;C:\Program Files (x86)\Windows Kits\10\Windows Performance Toolkit\;C:\Program Files (x86)\Markdown\Markdown_1.0.1;C:\Program Files\dotnet\;C:\Sass;C:\WINDOWS\system32;C:\WINDOWS;C:\WINDOWS\System32\Wbem;C:\WINDOWS\System32\WindowsPowerShell\v1.0\;C:\WINDOWS\System32\OpenSSH\;C:\LLVM\bin;C:\Program Files (x86)\Microsoft Visual Studio\2019\Community\MSBuild\Current\Bin;C:\ProgramData\chocolatey\bin;C:\Racket;C:\Program Files\Speedtest;C:\Program Files\Mozilla Firefox;C:\Program Files\MATLAB\R2021a\bin;C:\Perl64\c\bin;C:\Perl64\perl\site\bin;C:\Perl64\perl\bin;C:\Kotlin\bin;C:\Lua\bin;C:\Program Files\NVIDIA Corporation\NVIDIA NvDLISR;C:\Program Files\OpenSSH-Win64;C:\Program Files\MySQL\MySQL Server 8.0\bin\;C:\FFMPEG\bin;C:\Program Files\erl-24.1.7\bin;C:\Program Files (x86)\Elixir\bin;C:\Users\dbirt\.mix\escripts;C:\Maven\apache-maven-3.8.5\bin;C:\Python\Python-3.10\Scripts\;C:\Python\Python-3.10\;C:\Users\dbirt\AppData\Local\Programs\Python\Launcher\;E:\Data\David\Coding\Utility;C:\Users\dbirt\AppData\Local\Programs\Microsoft VS Code\bin;C:\Users\dbirt\AppData\Roaming\npm;E:\Data\David\Coding\ProgramFiles\MDTexToPDF;C:\Users\dbirt\.dotnet\tools;C:\Program Files\PeaZip;C:\Users\dbirt\AppData\Roaming\cabal\bin;C:\tools\ghc-9.0.1\bin;C:\tools\msys64;C:\intelFPGA\20.1\modelsim_ase\win32aloem;C:\intelFPGA_lite\20.1\modelsim_ase\win32aloem;C:\Program Files\JetBrains\IntelliJ IDEA Community Edition 2021.2.1\bin;;."/>
    <property name="java.vm.info" value="mixed mode, sharing"/>
    <property name="java.vendor" value="Oracle Corporation"/>
    <property name="java.vm.version" value="17.0.1+12-39"/>
    <property name="sun.io.unicode.encoding" value="UnicodeLittle"/>
    <property name="java.class.version" value="61.0"/>
  </properties>
  <testcase name="shouldAnswerWithTrue" classname="com.pydawan.AppTest" time="0.003"/>
</testsuite>